<?xml version="1.0" encoding="UTF-8"?>
<Site BuildName="(empty)"
	BuildStamp="20230923-1100-Experimental"
	Name="arthur"
	Generator="ctest-3.22.1"
	CompilerName="/usr/bin/c++"
	CompilerVersion="11.4.0"
	OSName="Linux"
	Hostname="arthur"
	OSRelease="6.2.0-33-generic"
	OSVersion="#33~22.04.1-Ubuntu SMP PREEMPT_DYNAMIC Thu Sep  7 10:33:52 UTC 2"
	OSPlatform="x86_64"
	Is64Bits="1"
	VendorString="GenuineIntel"
	VendorID="Intel Corporation"
	FamilyID="6"
	ModelID="154"
	ProcessorCacheSize="24576"
	NumberOfLogicalCPU="20"
	NumberOfPhysicalCPU="14"
	TotalVirtualMemory="2047"
	TotalPhysicalMemory="15667"
	LogicalProcessorsPerPhysical="1"
	ProcessorClockFrequency="4584.7"
	>
	<Testing>
		<StartDateTime>Sep 23 13:00 CEST</StartDateTime>
		<StartTestTime>1695466842</StartTestTime>
		<TestList/>
		<EndDateTime>Sep 23 13:00 CEST</EndDateTime>
		<EndTestTime>1695466842</EndTestTime>
		<ElapsedMinutes>0</ElapsedMinutes>
	</Testing>
</Site>
